{"level":"info","service":"verify","event":"runtime.starting","timestamp":"2026-04-21T07:23:15.336027981Z","message":"verify-service runtime starting"}
{"level":"info","service":"verify","timestamp":"2026-04-21T07:23:16.421726201Z","message":"starting verify on public.customers, shard 1/8, range: [<beginning> - 1002)"}
{"level":"info","service":"verify","timestamp":"2026-04-21T07:23:16.421764326Z","message":"starting verify on public.customers, shard 8/8, range: [1008 - <end>]"}
{"level":"info","service":"verify","timestamp":"2026-04-21T07:23:16.421888118Z","message":"starting verify on public.customers, shard 4/8, range: [1004 - 1005)"}
{"level":"info","service":"verify","timestamp":"2026-04-21T07:23:16.421911826Z","message":"starting verify on public.customers, shard 2/8, range: [1002 - 1003)"}
{"level":"info","service":"verify","timestamp":"2026-04-21T07:23:16.421966743Z","message":"starting verify on public.customers, shard 3/8, range: [1003 - 1004)"}
{"level":"info","service":"verify","timestamp":"2026-04-21T07:23:16.422369827Z","message":"starting verify on public.customers, shard 6/8, range: [1006 - 1007)"}
{"level":"info","service":"verify","timestamp":"2026-04-21T07:23:16.422430744Z","message":"starting verify on public.customers, shard 5/8, range: [1005 - 1006)"}
{"level":"info","service":"verify","timestamp":"2026-04-21T07:23:16.422482577Z","message":"starting verify on public.customers, shard 7/8, range: [1007 - 1008)"}
{"level":"info","service":"verify","type":"summary","table_schema":"public","table_name":"customers","num_truth_rows":1,"num_success":1,"num_conditional_success":0,"num_missing":0,"num_mismatch":0,"num_extraneous":0,"num_live_retry":0,"num_column_mismatch":0,"timestamp":"2026-04-21T07:23:16.428813754Z","message":"finished row verification on public.customers (shard 2/8)"}
{"level":"info","service":"verify","timestamp":"2026-04-21T07:23:16.428900921Z","message":"starting verify on public.orders, shard 1/8, range: [<beginning> - 5002)"}
{"level":"info","service":"verify","type":"summary","table_schema":"public","table_name":"customers","num_truth_rows":0,"num_success":0,"num_conditional_success":0,"num_missing":0,"num_mismatch":0,"num_extraneous":0,"num_live_retry":0,"num_column_mismatch":0,"timestamp":"2026-04-21T07:23:16.429080588Z","message":"finished row verification on public.customers (shard 6/8)"}
{"level":"info","service":"verify","timestamp":"2026-04-21T07:23:16.429164671Z","message":"starting verify on public.orders, shard 2/8, range: [5002 - 5003)"}
{"level":"info","service":"verify","type":"summary","table_schema":"public","table_name":"customers","num_truth_rows":0,"num_success":0,"num_conditional_success":0,"num_missing":0,"num_mismatch":0,"num_extraneous":0,"num_live_retry":0,"num_column_mismatch":0,"timestamp":"2026-04-21T07:23:16.429168588Z","message":"finished row verification on public.customers (shard 7/8)"}
{"level":"info","service":"verify","timestamp":"2026-04-21T07:23:16.429223755Z","message":"starting verify on public.orders, shard 3/8, range: [5003 - 5004)"}
{"level":"info","service":"verify","type":"summary","table_schema":"public","table_name":"customers","num_truth_rows":0,"num_success":0,"num_conditional_success":0,"num_missing":0,"num_mismatch":0,"num_extraneous":0,"num_live_retry":0,"num_column_mismatch":0,"timestamp":"2026-04-21T07:23:16.429230296Z","message":"finished row verification on public.customers (shard 3/8)"}
{"level":"info","service":"verify","timestamp":"2026-04-21T07:23:16.429264755Z","message":"starting verify on public.orders, shard 4/8, range: [5004 - 5005)"}
{"level":"info","service":"verify","type":"summary","table_schema":"public","table_name":"customers","num_truth_rows":1,"num_success":1,"num_conditional_success":0,"num_missing":0,"num_mismatch":0,"num_extraneous":0,"num_live_retry":0,"num_column_mismatch":0,"timestamp":"2026-04-21T07:23:16.429773672Z","message":"finished row verification on public.customers (shard 1/8)"}
{"level":"info","service":"verify","timestamp":"2026-04-21T07:23:16.429825922Z","message":"starting verify on public.orders, shard 5/8, range: [5005 - 5006)"}
{"level":"info","service":"verify","type":"summary","table_schema":"public","table_name":"customers","num_truth_rows":0,"num_success":0,"num_conditional_success":0,"num_missing":0,"num_mismatch":0,"num_extraneous":0,"num_live_retry":0,"num_column_mismatch":0,"timestamp":"2026-04-21T07:23:16.4315858Z","message":"finished row verification on public.customers (shard 8/8)"}
{"level":"info","service":"verify","timestamp":"2026-04-21T07:23:16.431654092Z","message":"starting verify on public.orders, shard 6/8, range: [5006 - 5007)"}
{"level":"info","service":"verify","type":"summary","table_schema":"public","table_name":"customers","num_truth_rows":0,"num_success":0,"num_conditional_success":0,"num_missing":0,"num_mismatch":0,"num_extraneous":0,"num_live_retry":0,"num_column_mismatch":0,"timestamp":"2026-04-21T07:23:16.431757425Z","message":"finished row verification on public.customers (shard 5/8)"}
{"level":"info","service":"verify","timestamp":"2026-04-21T07:23:16.432215343Z","message":"starting verify on public.orders, shard 7/8, range: [5007 - 5008)"}
{"level":"info","service":"verify","type":"summary","table_schema":"public","table_name":"customers","num_truth_rows":0,"num_success":0,"num_conditional_success":0,"num_missing":0,"num_mismatch":0,"num_extraneous":0,"num_live_retry":0,"num_column_mismatch":0,"timestamp":"2026-04-21T07:23:16.433096011Z","message":"finished row verification on public.customers (shard 4/8)"}
{"level":"info","service":"verify","timestamp":"2026-04-21T07:23:16.433173053Z","message":"starting verify on public.orders, shard 8/8, range: [5008 - <end>]"}
{"level":"info","service":"verify","type":"summary","table_schema":"public","table_name":"orders","num_truth_rows":1,"num_success":1,"num_conditional_success":0,"num_missing":0,"num_mismatch":0,"num_extraneous":0,"num_live_retry":0,"num_column_mismatch":0,"timestamp":"2026-04-21T07:23:16.435398723Z","message":"finished row verification on public.orders (shard 2/8)"}
{"level":"info","service":"verify","type":"summary","table_schema":"public","table_name":"orders","num_truth_rows":0,"num_success":0,"num_conditional_success":0,"num_missing":0,"num_mismatch":0,"num_extraneous":0,"num_live_retry":0,"num_column_mismatch":0,"timestamp":"2026-04-21T07:23:16.435501348Z","message":"finished row verification on public.orders (shard 4/8)"}
{"level":"info","service":"verify","type":"summary","table_schema":"public","table_name":"orders","num_truth_rows":1,"num_success":1,"num_conditional_success":0,"num_missing":0,"num_mismatch":0,"num_extraneous":0,"num_live_retry":0,"num_column_mismatch":0,"timestamp":"2026-04-21T07:23:16.435779515Z","message":"finished row verification on public.orders (shard 1/8)"}
{"level":"info","service":"verify","type":"summary","table_schema":"public","table_name":"orders","num_truth_rows":0,"num_success":0,"num_conditional_success":0,"num_missing":0,"num_mismatch":0,"num_extraneous":0,"num_live_retry":0,"num_column_mismatch":0,"timestamp":"2026-04-21T07:23:16.438319769Z","message":"finished row verification on public.orders (shard 6/8)"}
{"level":"info","service":"verify","type":"summary","table_schema":"public","table_name":"orders","num_truth_rows":0,"num_success":0,"num_conditional_success":0,"num_missing":0,"num_mismatch":0,"num_extraneous":0,"num_live_retry":0,"num_column_mismatch":0,"timestamp":"2026-04-21T07:23:16.440725648Z","message":"finished row verification on public.orders (shard 8/8)"}
{"level":"info","service":"verify","type":"summary","table_schema":"public","table_name":"orders","num_truth_rows":0,"num_success":0,"num_conditional_success":0,"num_missing":0,"num_mismatch":0,"num_extraneous":0,"num_live_retry":0,"num_column_mismatch":0,"timestamp":"2026-04-21T07:23:16.441988359Z","message":"finished row verification on public.orders (shard 7/8)"}
{"level":"info","service":"verify","type":"summary","table_schema":"public","table_name":"orders","num_truth_rows":0,"num_success":0,"num_conditional_success":0,"num_missing":0,"num_mismatch":0,"num_extraneous":0,"num_live_retry":0,"num_column_mismatch":0,"timestamp":"2026-04-21T07:23:16.441999775Z","message":"finished row verification on public.orders (shard 3/8)"}
{"level":"info","service":"verify","type":"summary","table_schema":"public","table_name":"orders","num_truth_rows":0,"num_success":0,"num_conditional_success":0,"num_missing":0,"num_mismatch":0,"num_extraneous":0,"num_live_retry":0,"num_column_mismatch":0,"timestamp":"2026-04-21T07:23:16.44199065Z","message":"finished row verification on public.orders (shard 5/8)"}
{"level":"info","service":"verify","timestamp":"2026-04-21T07:23:19.649096187Z","message":"starting verify on public.customers, shard 1/8, range: [<beginning> - 1002)"}
{"level":"info","service":"verify","timestamp":"2026-04-21T07:23:19.649186771Z","message":"starting verify on public.customers, shard 8/8, range: [1008 - <end>]"}
{"level":"info","service":"verify","timestamp":"2026-04-21T07:23:19.649207687Z","message":"starting verify on public.customers, shard 4/8, range: [1004 - 1005)"}
{"level":"info","service":"verify","timestamp":"2026-04-21T07:23:19.649241771Z","message":"starting verify on public.customers, shard 3/8, range: [1003 - 1004)"}
{"level":"info","service":"verify","timestamp":"2026-04-21T07:23:19.649267312Z","message":"starting verify on public.customers, shard 2/8, range: [1002 - 1003)"}
{"level":"info","service":"verify","timestamp":"2026-04-21T07:23:19.649361146Z","message":"starting verify on public.customers, shard 5/8, range: [1005 - 1006)"}
{"level":"info","service":"verify","timestamp":"2026-04-21T07:23:19.649381479Z","message":"starting verify on public.customers, shard 6/8, range: [1006 - 1007)"}
{"level":"info","service":"verify","timestamp":"2026-04-21T07:23:19.649453729Z","message":"starting verify on public.customers, shard 7/8, range: [1007 - 1008)"}
{"level":"info","service":"verify","type":"summary","table_schema":"public","table_name":"customers","num_truth_rows":0,"num_success":0,"num_conditional_success":0,"num_missing":0,"num_mismatch":0,"num_extraneous":0,"num_live_retry":0,"num_column_mismatch":0,"timestamp":"2026-04-21T07:23:19.654204154Z","message":"finished row verification on public.customers (shard 3/8)"}
{"level":"info","service":"verify","timestamp":"2026-04-21T07:23:19.654253612Z","message":"starting verify on public.orders, shard 1/8, range: [<beginning> - 5002)"}
{"level":"warn","service":"verify","type":"data","table_schema":"public","table_name":"customers","source_values":{"display_name":"Grace Hopper"},"target_values":{"display_name":"Rear Admiral Grace Hopper"},"primary_key":["1002"],"timestamp":"2026-04-21T07:23:19.654456613Z","message":"mismatching row value"}
{"level":"info","service":"verify","type":"summary","table_schema":"public","table_name":"customers","num_truth_rows":1,"num_success":0,"num_conditional_success":0,"num_missing":0,"num_mismatch":1,"num_extraneous":0,"num_live_retry":0,"num_column_mismatch":0,"timestamp":"2026-04-21T07:23:19.654478071Z","message":"finished row verification on public.customers (shard 2/8)"}
{"level":"info","service":"verify","timestamp":"2026-04-21T07:23:19.654542654Z","message":"starting verify on public.orders, shard 2/8, range: [5002 - 5003)"}
{"level":"info","service":"verify","type":"summary","table_schema":"public","table_name":"customers","num_truth_rows":1,"num_success":1,"num_conditional_success":0,"num_missing":0,"num_mismatch":0,"num_extraneous":0,"num_live_retry":0,"num_column_mismatch":0,"timestamp":"2026-04-21T07:23:19.654562779Z","message":"finished row verification on public.customers (shard 1/8)"}
{"level":"info","service":"verify","timestamp":"2026-04-21T07:23:19.654640321Z","message":"starting verify on public.orders, shard 3/8, range: [5003 - 5004)"}
{"level":"info","service":"verify","type":"summary","table_schema":"public","table_name":"customers","num_truth_rows":0,"num_success":0,"num_conditional_success":0,"num_missing":0,"num_mismatch":0,"num_extraneous":0,"num_live_retry":0,"num_column_mismatch":0,"timestamp":"2026-04-21T07:23:19.654892155Z","message":"finished row verification on public.customers (shard 4/8)"}
{"level":"info","service":"verify","timestamp":"2026-04-21T07:23:19.654941738Z","message":"starting verify on public.orders, shard 4/8, range: [5004 - 5005)"}
{"level":"info","service":"verify","type":"summary","table_schema":"public","table_name":"customers","num_truth_rows":0,"num_success":0,"num_conditional_success":0,"num_missing":0,"num_mismatch":0,"num_extraneous":0,"num_live_retry":0,"num_column_mismatch":0,"timestamp":"2026-04-21T07:23:19.656068157Z","message":"finished row verification on public.customers (shard 8/8)"}
{"level":"info","service":"verify","timestamp":"2026-04-21T07:23:19.65611999Z","message":"starting verify on public.orders, shard 5/8, range: [5005 - 5006)"}
{"level":"info","service":"verify","type":"summary","table_schema":"public","table_name":"customers","num_truth_rows":0,"num_success":0,"num_conditional_success":0,"num_missing":0,"num_mismatch":0,"num_extraneous":0,"num_live_retry":0,"num_column_mismatch":0,"timestamp":"2026-04-21T07:23:19.656781866Z","message":"finished row verification on public.customers (shard 7/8)"}
{"level":"info","service":"verify","type":"summary","table_schema":"public","table_name":"customers","num_truth_rows":0,"num_success":0,"num_conditional_success":0,"num_missing":0,"num_mismatch":0,"num_extraneous":0,"num_live_retry":0,"num_column_mismatch":0,"timestamp":"2026-04-21T07:23:19.656863491Z","message":"finished row verification on public.customers (shard 6/8)"}
{"level":"info","service":"verify","timestamp":"2026-04-21T07:23:19.656880825Z","message":"starting verify on public.orders, shard 6/8, range: [5006 - 5007)"}
{"level":"info","service":"verify","timestamp":"2026-04-21T07:23:19.656927033Z","message":"starting verify on public.orders, shard 7/8, range: [5007 - 5008)"}
{"level":"info","service":"verify","type":"summary","table_schema":"public","table_name":"customers","num_truth_rows":0,"num_success":0,"num_conditional_success":0,"num_missing":0,"num_mismatch":0,"num_extraneous":0,"num_live_retry":0,"num_column_mismatch":0,"timestamp":"2026-04-21T07:23:19.656977783Z","message":"finished row verification on public.customers (shard 5/8)"}
{"level":"info","service":"verify","timestamp":"2026-04-21T07:23:19.657050783Z","message":"starting verify on public.orders, shard 8/8, range: [5008 - <end>]"}
{"level":"info","service":"verify","type":"summary","table_schema":"public","table_name":"orders","num_truth_rows":0,"num_success":0,"num_conditional_success":0,"num_missing":0,"num_mismatch":0,"num_extraneous":0,"num_live_retry":0,"num_column_mismatch":0,"timestamp":"2026-04-21T07:23:19.662235Z","message":"finished row verification on public.orders (shard 4/8)"}
{"level":"info","service":"verify","type":"summary","table_schema":"public","table_name":"orders","num_truth_rows":0,"num_success":0,"num_conditional_success":0,"num_missing":0,"num_mismatch":0,"num_extraneous":0,"num_live_retry":0,"num_column_mismatch":0,"timestamp":"2026-04-21T07:23:19.662235125Z","message":"finished row verification on public.orders (shard 6/8)"}
{"level":"info","service":"verify","type":"summary","table_schema":"public","table_name":"orders","num_truth_rows":0,"num_success":0,"num_conditional_success":0,"num_missing":0,"num_mismatch":0,"num_extraneous":0,"num_live_retry":0,"num_column_mismatch":0,"timestamp":"2026-04-21T07:23:19.662278125Z","message":"finished row verification on public.orders (shard 8/8)"}
{"level":"info","service":"verify","type":"summary","table_schema":"public","table_name":"orders","num_truth_rows":0,"num_success":0,"num_conditional_success":0,"num_missing":0,"num_mismatch":0,"num_extraneous":0,"num_live_retry":0,"num_column_mismatch":0,"timestamp":"2026-04-21T07:23:19.662291209Z","message":"finished row verification on public.orders (shard 7/8)"}
{"level":"info","service":"verify","type":"summary","table_schema":"public","table_name":"orders","num_truth_rows":0,"num_success":0,"num_conditional_success":0,"num_missing":0,"num_mismatch":0,"num_extraneous":0,"num_live_retry":0,"num_column_mismatch":0,"timestamp":"2026-04-21T07:23:19.662338334Z","message":"finished row verification on public.orders (shard 5/8)"}
{"level":"warn","service":"verify","type":"data","table_schema":"public","table_name":"orders","primary_key":["5003"],"timestamp":"2026-04-21T07:23:19.662463376Z","message":"extraneous row"}
{"level":"info","service":"verify","type":"summary","table_schema":"public","table_name":"orders","num_truth_rows":0,"num_success":0,"num_conditional_success":0,"num_missing":0,"num_mismatch":0,"num_extraneous":1,"num_live_retry":0,"num_column_mismatch":0,"timestamp":"2026-04-21T07:23:19.662479209Z","message":"finished row verification on public.orders (shard 3/8)"}
{"level":"info","service":"verify","type":"summary","table_schema":"public","table_name":"orders","num_truth_rows":1,"num_success":1,"num_conditional_success":0,"num_missing":0,"num_mismatch":0,"num_extraneous":0,"num_live_retry":0,"num_column_mismatch":0,"timestamp":"2026-04-21T07:23:19.662510542Z","message":"finished row verification on public.orders (shard 1/8)"}
{"level":"warn","service":"verify","type":"data","table_schema":"public","table_name":"orders","source_values":{"total_cents":"19999"},"target_values":{"total_cents":"20999"},"primary_key":["5002"],"timestamp":"2026-04-21T07:23:19.662637001Z","message":"mismatching row value"}
{"level":"info","service":"verify","type":"summary","table_schema":"public","table_name":"orders","num_truth_rows":1,"num_success":0,"num_conditional_success":0,"num_missing":0,"num_mismatch":1,"num_extraneous":0,"num_live_retry":0,"num_column_mismatch":0,"timestamp":"2026-04-21T07:23:19.662648751Z","message":"finished row verification on public.orders (shard 2/8)"}
{"level":"warn","service":"verify","type":"data","table_schema":"public","table_name":"orders","mismatch_info":"column type mismatch on total_cents: int4 vs text","timestamp":"2026-04-21T07:23:22.851860509Z","message":"mismatching table definition"}
{"level":"info","service":"verify","timestamp":"2026-04-21T07:23:22.853656636Z","message":"starting verify on public.customers, shard 1/8, range: [<beginning> - 1002)"}
{"level":"info","service":"verify","timestamp":"2026-04-21T07:23:22.85377622Z","message":"starting verify on public.customers, shard 8/8, range: [1008 - <end>]"}
{"level":"info","service":"verify","timestamp":"2026-04-21T07:23:22.853822803Z","message":"starting verify on public.customers, shard 4/8, range: [1004 - 1005)"}
{"level":"info","service":"verify","timestamp":"2026-04-21T07:23:22.853848553Z","message":"starting verify on public.customers, shard 5/8, range: [1005 - 1006)"}
{"level":"info","service":"verify","timestamp":"2026-04-21T07:23:22.853869553Z","message":"starting verify on public.customers, shard 2/8, range: [1002 - 1003)"}
{"level":"info","service":"verify","timestamp":"2026-04-21T07:23:22.85390847Z","message":"starting verify on public.customers, shard 3/8, range: [1003 - 1004)"}
{"level":"info","service":"verify","timestamp":"2026-04-21T07:23:22.853922929Z","message":"starting verify on public.customers, shard 6/8, range: [1006 - 1007)"}
{"level":"info","service":"verify","timestamp":"2026-04-21T07:23:22.853978929Z","message":"starting verify on public.customers, shard 7/8, range: [1007 - 1008)"}
{"level":"info","service":"verify","type":"summary","table_schema":"public","table_name":"customers","num_truth_rows":0,"num_success":0,"num_conditional_success":0,"num_missing":0,"num_mismatch":0,"num_extraneous":0,"num_live_retry":0,"num_column_mismatch":0,"timestamp":"2026-04-21T07:23:22.860637273Z","message":"finished row verification on public.customers (shard 3/8)"}
{"level":"info","service":"verify","timestamp":"2026-04-21T07:23:22.860711023Z","message":"starting verify on public.orders, shard 1/8, range: [<beginning> - 5002)"}
{"level":"info","service":"verify","type":"summary","table_schema":"public","table_name":"customers","num_truth_rows":0,"num_success":0,"num_conditional_success":0,"num_missing":0,"num_mismatch":0,"num_extraneous":0,"num_live_retry":0,"num_column_mismatch":0,"timestamp":"2026-04-21T07:23:22.860894357Z","message":"finished row verification on public.customers (shard 8/8)"}
{"level":"info","service":"verify","type":"summary","table_schema":"public","table_name":"customers","num_truth_rows":1,"num_success":1,"num_conditional_success":0,"num_missing":0,"num_mismatch":0,"num_extraneous":0,"num_live_retry":0,"num_column_mismatch":0,"timestamp":"2026-04-21T07:23:22.860933607Z","message":"finished row verification on public.customers (shard 2/8)"}
{"level":"info","service":"verify","timestamp":"2026-04-21T07:23:22.860987773Z","message":"starting verify on public.orders, shard 2/8, range: [5002 - 5003)"}
{"level":"info","service":"verify","timestamp":"2026-04-21T07:23:22.861069482Z","message":"starting verify on public.orders, shard 3/8, range: [5003 - 5004)"}
{"level":"info","service":"verify","type":"summary","table_schema":"public","table_name":"customers","num_truth_rows":0,"num_success":0,"num_conditional_success":0,"num_missing":0,"num_mismatch":0,"num_extraneous":0,"num_live_retry":0,"num_column_mismatch":0,"timestamp":"2026-04-21T07:23:22.861324191Z","message":"finished row verification on public.customers (shard 6/8)"}
{"level":"info","service":"verify","timestamp":"2026-04-21T07:23:22.861393899Z","message":"starting verify on public.orders, shard 4/8, range: [5004 - 5005)"}
{"level":"info","service":"verify","type":"summary","table_schema":"public","table_name":"customers","num_truth_rows":1,"num_success":1,"num_conditional_success":0,"num_missing":0,"num_mismatch":0,"num_extraneous":0,"num_live_retry":0,"num_column_mismatch":0,"timestamp":"2026-04-21T07:23:22.861922983Z","message":"finished row verification on public.customers (shard 1/8)"}
{"level":"info","service":"verify","timestamp":"2026-04-21T07:23:22.862049775Z","message":"starting verify on public.orders, shard 5/8, range: [5005 - 5006)"}
{"level":"info","service":"verify","type":"summary","table_schema":"public","table_name":"customers","num_truth_rows":0,"num_success":0,"num_conditional_success":0,"num_missing":0,"num_mismatch":0,"num_extraneous":0,"num_live_retry":0,"num_column_mismatch":0,"timestamp":"2026-04-21T07:23:22.862711026Z","message":"finished row verification on public.customers (shard 7/8)"}
{"level":"info","service":"verify","timestamp":"2026-04-21T07:23:22.862782151Z","message":"starting verify on public.orders, shard 6/8, range: [5006 - 5007)"}
{"level":"info","service":"verify","type":"summary","table_schema":"public","table_name":"customers","num_truth_rows":0,"num_success":0,"num_conditional_success":0,"num_missing":0,"num_mismatch":0,"num_extraneous":0,"num_live_retry":0,"num_column_mismatch":0,"timestamp":"2026-04-21T07:23:22.86320961Z","message":"finished row verification on public.customers (shard 5/8)"}
{"level":"info","service":"verify","timestamp":"2026-04-21T07:23:22.863272527Z","message":"starting verify on public.orders, shard 7/8, range: [5007 - 5008)"}
{"level":"info","service":"verify","type":"summary","table_schema":"public","table_name":"customers","num_truth_rows":0,"num_success":0,"num_conditional_success":0,"num_missing":0,"num_mismatch":0,"num_extraneous":0,"num_live_retry":0,"num_column_mismatch":0,"timestamp":"2026-04-21T07:23:22.86490028Z","message":"finished row verification on public.customers (shard 4/8)"}
{"level":"info","service":"verify","timestamp":"2026-04-21T07:23:22.865016572Z","message":"starting verify on public.orders, shard 8/8, range: [5008 - <end>]"}
{"level":"info","service":"verify","type":"summary","table_schema":"public","table_name":"orders","num_truth_rows":1,"num_success":1,"num_conditional_success":0,"num_missing":0,"num_mismatch":0,"num_extraneous":0,"num_live_retry":0,"num_column_mismatch":0,"timestamp":"2026-04-21T07:23:22.867562534Z","message":"finished row verification on public.orders (shard 1/8)"}
{"level":"info","service":"verify","type":"summary","table_schema":"public","table_name":"orders","num_truth_rows":0,"num_success":0,"num_conditional_success":0,"num_missing":0,"num_mismatch":0,"num_extraneous":0,"num_live_retry":0,"num_column_mismatch":0,"timestamp":"2026-04-21T07:23:22.868895453Z","message":"finished row verification on public.orders (shard 4/8)"}
{"level":"info","service":"verify","type":"summary","table_schema":"public","table_name":"orders","num_truth_rows":0,"num_success":0,"num_conditional_success":0,"num_missing":0,"num_mismatch":0,"num_extraneous":0,"num_live_retry":0,"num_column_mismatch":0,"timestamp":"2026-04-21T07:23:22.870054621Z","message":"finished row verification on public.orders (shard 6/8)"}
{"level":"info","service":"verify","type":"summary","table_schema":"public","table_name":"orders","num_truth_rows":1,"num_success":1,"num_conditional_success":0,"num_missing":0,"num_mismatch":0,"num_extraneous":0,"num_live_retry":0,"num_column_mismatch":0,"timestamp":"2026-04-21T07:23:22.87005908Z","message":"finished row verification on public.orders (shard 2/8)"}
{"level":"info","service":"verify","type":"summary","table_schema":"public","table_name":"orders","num_truth_rows":0,"num_success":0,"num_conditional_success":0,"num_missing":0,"num_mismatch":0,"num_extraneous":0,"num_live_retry":0,"num_column_mismatch":0,"timestamp":"2026-04-21T07:23:22.87047433Z","message":"finished row verification on public.orders (shard 7/8)"}
{"level":"info","service":"verify","type":"summary","table_schema":"public","table_name":"orders","num_truth_rows":0,"num_success":0,"num_conditional_success":0,"num_missing":0,"num_mismatch":0,"num_extraneous":0,"num_live_retry":0,"num_column_mismatch":0,"timestamp":"2026-04-21T07:23:22.870937789Z","message":"finished row verification on public.orders (shard 5/8)"}
{"level":"info","service":"verify","type":"summary","table_schema":"public","table_name":"orders","num_truth_rows":0,"num_success":0,"num_conditional_success":0,"num_missing":0,"num_mismatch":0,"num_extraneous":0,"num_live_retry":0,"num_column_mismatch":0,"timestamp":"2026-04-21T07:23:22.871001373Z","message":"finished row verification on public.orders (shard 3/8)"}
{"level":"info","service":"verify","type":"summary","table_schema":"public","table_name":"orders","num_truth_rows":0,"num_success":0,"num_conditional_success":0,"num_missing":0,"num_mismatch":0,"num_extraneous":0,"num_live_retry":0,"num_column_mismatch":0,"timestamp":"2026-04-21T07:23:22.871880124Z","message":"finished row verification on public.orders (shard 8/8)"}
{"level":"warn","service":"verify","type":"data","table_schema":"public","table_name":"customers","mismatch_info":"extraneous column loyalty_tier found","timestamp":"2026-04-21T07:23:26.001734411Z","message":"mismatching table definition"}
{"level":"warn","service":"verify","type":"data","table_schema":"public","table_name":"orders","mismatch_info":"column type mismatch on total_cents: int4 vs text","timestamp":"2026-04-21T07:23:26.001756202Z","message":"mismatching table definition"}
{"level":"warn","service":"verify","type":"data","table_schema":"public","table_name":"orders","mismatch_info":"extraneous column status found","timestamp":"2026-04-21T07:23:26.001758827Z","message":"mismatching table definition"}
{"level":"info","service":"verify","timestamp":"2026-04-21T07:23:26.003659164Z","message":"starting verify on public.customers, shard 1/8, range: [<beginning> - 1002)"}
{"level":"info","service":"verify","timestamp":"2026-04-21T07:23:26.003793497Z","message":"starting verify on public.customers, shard 8/8, range: [1008 - <end>]"}
{"level":"info","service":"verify","timestamp":"2026-04-21T07:23:26.003804206Z","message":"starting verify on public.customers, shard 4/8, range: [1004 - 1005)"}
{"level":"info","service":"verify","timestamp":"2026-04-21T07:23:26.003836456Z","message":"starting verify on public.customers, shard 2/8, range: [1002 - 1003)"}
{"level":"info","service":"verify","timestamp":"2026-04-21T07:23:26.003850123Z","message":"starting verify on public.customers, shard 3/8, range: [1003 - 1004)"}
{"level":"info","service":"verify","timestamp":"2026-04-21T07:23:26.003901539Z","message":"starting verify on public.customers, shard 5/8, range: [1005 - 1006)"}
{"level":"info","service":"verify","timestamp":"2026-04-21T07:23:26.003915414Z","message":"starting verify on public.customers, shard 6/8, range: [1006 - 1007)"}
{"level":"info","service":"verify","timestamp":"2026-04-21T07:23:26.003926914Z","message":"starting verify on public.customers, shard 7/8, range: [1007 - 1008)"}
{"level":"info","service":"verify","type":"summary","table_schema":"public","table_name":"customers","num_truth_rows":0,"num_success":0,"num_conditional_success":0,"num_missing":0,"num_mismatch":0,"num_extraneous":0,"num_live_retry":0,"num_column_mismatch":0,"timestamp":"2026-04-21T07:23:26.009823799Z","message":"finished row verification on public.customers (shard 5/8)"}
{"level":"info","service":"verify","type":"summary","table_schema":"public","table_name":"customers","num_truth_rows":0,"num_success":0,"num_conditional_success":0,"num_missing":0,"num_mismatch":0,"num_extraneous":0,"num_live_retry":0,"num_column_mismatch":0,"timestamp":"2026-04-21T07:23:26.009841632Z","message":"finished row verification on public.customers (shard 6/8)"}
{"level":"info","service":"verify","timestamp":"2026-04-21T07:23:26.009879424Z","message":"starting verify on public.orders, shard 1/8, range: [<beginning> - 5002)"}
{"level":"info","service":"verify","timestamp":"2026-04-21T07:23:26.009954257Z","message":"starting verify on public.orders, shard 2/8, range: [5002 - 5003)"}
{"level":"info","service":"verify","type":"summary","table_schema":"public","table_name":"customers","num_truth_rows":0,"num_success":0,"num_conditional_success":0,"num_missing":0,"num_mismatch":0,"num_extraneous":0,"num_live_retry":0,"num_column_mismatch":0,"timestamp":"2026-04-21T07:23:26.01022755Z","message":"finished row verification on public.customers (shard 7/8)"}
{"level":"info","service":"verify","type":"summary","table_schema":"public","table_name":"customers","num_truth_rows":0,"num_success":0,"num_conditional_success":0,"num_missing":0,"num_mismatch":0,"num_extraneous":0,"num_live_retry":0,"num_column_mismatch":0,"timestamp":"2026-04-21T07:23:26.01027555Z","message":"finished row verification on public.customers (shard 4/8)"}
{"level":"info","service":"verify","timestamp":"2026-04-21T07:23:26.010304591Z","message":"starting verify on public.orders, shard 3/8, range: [5003 - 5004)"}
{"level":"info","service":"verify","timestamp":"2026-04-21T07:23:26.010400133Z","message":"starting verify on public.orders, shard 4/8, range: [5004 - 5005)"}
{"level":"info","service":"verify","type":"summary","table_schema":"public","table_name":"customers","num_truth_rows":0,"num_success":0,"num_conditional_success":0,"num_missing":0,"num_mismatch":0,"num_extraneous":0,"num_live_retry":0,"num_column_mismatch":0,"timestamp":"2026-04-21T07:23:26.010524592Z","message":"finished row verification on public.customers (shard 3/8)"}
{"level":"info","service":"verify","timestamp":"2026-04-21T07:23:26.0105798Z","message":"starting verify on public.orders, shard 5/8, range: [5005 - 5006)"}
{"level":"info","service":"verify","type":"summary","table_schema":"public","table_name":"customers","num_truth_rows":0,"num_success":0,"num_conditional_success":0,"num_missing":0,"num_mismatch":0,"num_extraneous":0,"num_live_retry":0,"num_column_mismatch":0,"timestamp":"2026-04-21T07:23:26.015388475Z","message":"finished row verification on public.customers (shard 8/8)"}
{"level":"info","service":"verify","timestamp":"2026-04-21T07:23:26.015478058Z","message":"starting verify on public.orders, shard 6/8, range: [5006 - 5007)"}
{"level":"info","service":"verify","type":"summary","table_schema":"public","table_name":"customers","num_truth_rows":1,"num_success":1,"num_conditional_success":0,"num_missing":0,"num_mismatch":0,"num_extraneous":0,"num_live_retry":0,"num_column_mismatch":0,"timestamp":"2026-04-21T07:23:26.0156326Z","message":"finished row verification on public.customers (shard 1/8)"}
{"level":"info","service":"verify","timestamp":"2026-04-21T07:23:26.01567535Z","message":"starting verify on public.orders, shard 7/8, range: [5007 - 5008)"}
{"level":"info","service":"verify","type":"summary","table_schema":"public","table_name":"orders","num_truth_rows":0,"num_success":0,"num_conditional_success":0,"num_missing":0,"num_mismatch":0,"num_extraneous":0,"num_live_retry":0,"num_column_mismatch":0,"timestamp":"2026-04-21T07:23:26.024444281Z","message":"finished row verification on public.orders (shard 5/8)"}
{"level":"info","service":"verify","timestamp":"2026-04-21T07:23:26.024510073Z","message":"starting verify on public.orders, shard 8/8, range: [5008 - <end>]"}
{"level":"info","service":"verify","type":"summary","table_schema":"public","table_name":"orders","num_truth_rows":0,"num_success":0,"num_conditional_success":0,"num_missing":0,"num_mismatch":0,"num_extraneous":0,"num_live_retry":0,"num_column_mismatch":0,"timestamp":"2026-04-21T07:23:26.024863948Z","message":"finished row verification on public.orders (shard 3/8)"}
{"level":"info","service":"verify","type":"summary","table_schema":"public","table_name":"orders","num_truth_rows":0,"num_success":0,"num_conditional_success":0,"num_missing":0,"num_mismatch":0,"num_extraneous":0,"num_live_retry":0,"num_column_mismatch":0,"timestamp":"2026-04-21T07:23:26.024939532Z","message":"finished row verification on public.orders (shard 4/8)"}
{"level":"info","service":"verify","type":"summary","table_schema":"public","table_name":"orders","num_truth_rows":1,"num_success":1,"num_conditional_success":0,"num_missing":0,"num_mismatch":0,"num_extraneous":0,"num_live_retry":0,"num_column_mismatch":0,"timestamp":"2026-04-21T07:23:26.025634033Z","message":"finished row verification on public.orders (shard 2/8)"}
{"level":"info","service":"verify","type":"summary","table_schema":"public","table_name":"orders","num_truth_rows":1,"num_success":1,"num_conditional_success":0,"num_missing":0,"num_mismatch":0,"num_extraneous":0,"num_live_retry":0,"num_column_mismatch":0,"timestamp":"2026-04-21T07:23:26.027337619Z","message":"finished row verification on public.orders (shard 1/8)"}
{"level":"info","service":"verify","type":"summary","table_schema":"public","table_name":"customers","num_truth_rows":1,"num_success":1,"num_conditional_success":0,"num_missing":0,"num_mismatch":0,"num_extraneous":0,"num_live_retry":0,"num_column_mismatch":0,"timestamp":"2026-04-21T07:23:26.030056123Z","message":"finished row verification on public.customers (shard 2/8)"}
{"level":"info","service":"verify","type":"summary","table_schema":"public","table_name":"orders","num_truth_rows":0,"num_success":0,"num_conditional_success":0,"num_missing":0,"num_mismatch":0,"num_extraneous":0,"num_live_retry":0,"num_column_mismatch":0,"timestamp":"2026-04-21T07:23:26.032311544Z","message":"finished row verification on public.orders (shard 6/8)"}
{"level":"info","service":"verify","type":"summary","table_schema":"public","table_name":"orders","num_truth_rows":0,"num_success":0,"num_conditional_success":0,"num_missing":0,"num_mismatch":0,"num_extraneous":0,"num_live_retry":0,"num_column_mismatch":0,"timestamp":"2026-04-21T07:23:26.033806379Z","message":"finished row verification on public.orders (shard 8/8)"}
{"level":"info","service":"verify","type":"summary","table_schema":"public","table_name":"orders","num_truth_rows":0,"num_success":0,"num_conditional_success":0,"num_missing":0,"num_mismatch":0,"num_extraneous":0,"num_live_retry":0,"num_column_mismatch":0,"timestamp":"2026-04-21T07:23:26.034183922Z","message":"finished row verification on public.orders (shard 7/8)"}
